{"logTime": "0920/002105", "correlationVector":"GwUvp/JBtBEDmKS/0eilvL.0","action":"FeedSettingFetch_homeCloud", "result":"0", "context":{}}
{"logTime": "0920/002105", "correlationVector":"GwUvp/JBtBEDmKS/0eilvL.0","action":"SyncServerConnectionManagerRequest", "result":"SYNC_SERVER_OK", "context":{"environment":"", "migrationStage":"", "server":""}}
{"logTime": "0920/002107", "correlationVector":"Aet7vIP+VvQm/LdJZ2b1vG.1","action":"SyncServerConnectionManagerRequest", "result":"SYNC_SERVER_OK", "context":{"environment":"Prod_EastUS2_000e", "migrationStage":"NotStarted", "server":"GENERAL0100001U"}}
{"logTime": "0920/002107", "correlationVector":"Aet7vIP+VvQm/LdJZ2b1vG","action":"Initial GetUpdates", "result":"", "context":Reason: NEW_CLIENT. cV=Aet7vIP+VvQm/LdJZ2b1vG}
{"logTime": "0920/002107", "correlationVector":"Aet7vIP+VvQm/LdJZ2b1vG.2","action":"GetUpdates Response", "result":"SYNCER_OK", "context":Received 1 update(s). cV=Aet7vIP+VvQm/LdJZ2b1vG.0;server=GENERAL0100001U;cloudType=Consumer;environment=Prod_EastUS2_000e;migrationStage=NotStarted}
{"logTime": "0920/002557", "correlationVector":"8oXeCM0VZ5tmWLyNBZ560S.0","action":"FeedSettingFetch_homeCloud", "result":"0", "context":{}}
{"logTime": "0920/002557", "correlationVector":"gMnLPUm16fGurN6CFo5hHY.1","action":"SyncServerConnectionManagerRequest", "result":"SYNC_SERVER_OK", "context":{"environment":"Prod_EastUS2_000e", "migrationStage":"NotStarted", "server":"GENERAL01000006"}}
{"logTime": "0920/002557", "correlationVector":"gMnLPUm16fGurN6CFo5hHY","action":"Initial GetUpdates", "result":"", "context":Reason: NEW_CLIENT. cV=gMnLPUm16fGurN6CFo5hHY}
{"logTime": "0920/002557", "correlationVector":"gMnLPUm16fGurN6CFo5hHY.2","action":"GetUpdates Response", "result":"SYNCER_OK", "context":Received 1 update(s). cV=gMnLPUm16fGurN6CFo5hHY.0;server=GENERAL01000006;cloudType=Consumer;environment=Prod_EastUS2_000e;migrationStage=NotStarted}
{"logTime": "0920/002557", "correlationVector":"JoAbQLC2pFqTSt2sKuauSD","action":"Initial GetUpdates", "result":"", "context":Reason: NEWLY_SUPPORTED_DATATYPE. cV=JoAbQLC2pFqTSt2sKuauSD}
{"logTime": "0920/002557", "correlationVector":"JoAbQLC2pFqTSt2sKuauSD.1","action":"SyncServerConnectionManagerRequest", "result":"SYNC_SERVER_OK", "context":{"environment":"Prod_EastUS2_000e", "migrationStage":"NotStarted", "server":"GENERAL0100002Q"}}
{"logTime": "0920/002557", "correlationVector":"JoAbQLC2pFqTSt2sKuauSD.2","action":"GetUpdates Response", "result":"SYNCER_OK", "context":Received 2 update(s). cV=JoAbQLC2pFqTSt2sKuauSD.0;server=GENERAL0100002Q;cloudType=Consumer;environment=Prod_EastUS2_000e;migrationStage=NotStarted}
{"logTime": "0920/002557", "correlationVector":"AT6Ofd6fCKEK42dJZjT1+x","action":"Normal GetUpdate request", "result":"", "context":cV=AT6Ofd6fCKEK42dJZjT1+x
Nudged types: Device Info, User Consents
Refresh requested types: Device Info, User Consents, Send Tab To Self, Encryption Keys}
{"logTime": "0920/002557", "correlationVector":"AT6Ofd6fCKEK42dJZjT1+x.1","action":"SyncServerConnectionManagerRequest", "result":"SYNC_SERVER_OK", "context":{"environment":"Prod_EastUS2_000e", "migrationStage":"NotStarted", "server":"general01000032"}}
{"logTime": "0920/002557", "correlationVector":"AT6Ofd6fCKEK42dJZjT1+x.2","action":"GetUpdates Response", "result":"SYNCER_OK", "context":Received 0 update(s). cV=AT6Ofd6fCKEK42dJZjT1+x.0;server=general01000032;cloudType=Consumer;environment=Prod_EastUS2_000e;migrationStage=NotStarted}
{"logTime": "0920/002557", "correlationVector":"1UktH5jIPYW0DPJr6kpEU9","action":"Commit Request", "result":"", "context":Item count: 1
Contributing types: Device Info}
{"logTime": "0920/002557", "correlationVector":"1UktH5jIPYW0DPJr6kpEU9.1","action":"SyncServerConnectionManagerRequest", "result":"SYNC_SERVER_OK", "context":{"environment":"Prod_EastUS2_000e", "migrationStage":"NotStarted", "server":"GENERAL0100000T"}}
{"logTime": "0920/002557", "correlationVector":"1UktH5jIPYW0DPJr6kpEU9.2","action":"Commit Response", "result":"SYNCER_OK", "context":Result: SYNCER_OK. cV=1UktH5jIPYW0DPJr6kpEU9.0;server=GENERAL0100000T;cloudType=Consumer;environment=Prod_EastUS2_000e;migrationStage=NotStarted}
{"logTime": "0920/002557", "correlationVector":"fT0OXm1kCm+jE7DXNcrc/m","action":"Commit Request", "result":"", "context":Item count: 1
Contributing types: User Consents}
{"logTime": "0920/002557", "correlationVector":"fT0OXm1kCm+jE7DXNcrc/m.1","action":"SyncServerConnectionManagerRequest", "result":"SYNC_SERVER_OK", "context":{"environment":"Prod_EastUS2_000e", "migrationStage":"NotStarted", "server":"GENERAL0100000A"}}
{"logTime": "0920/002557", "correlationVector":"fT0OXm1kCm+jE7DXNcrc/m.2","action":"Commit Response", "result":"SYNCER_OK", "context":Result: SYNCER_OK. cV=fT0OXm1kCm+jE7DXNcrc/m.0;server=GENERAL0100000A;cloudType=Consumer;environment=Prod_EastUS2_000e;migrationStage=NotStarted}
{"logTime": "0920/002557", "correlationVector":"OJm2+/dT4+pOe5lboLbUbS","action":"Normal GetUpdate request", "result":"", "context":cV=OJm2+/dT4+pOe5lboLbUbS
Nudged types: Device Info}
{"logTime": "0920/002557", "correlationVector":"OJm2+/dT4+pOe5lboLbUbS.1","action":"SyncServerConnectionManagerRequest", "result":"SYNC_SERVER_OK", "context":{"environment":"Prod_EastUS2_000e", "migrationStage":"NotStarted", "server":"GENERAL0100001I"}}
{"logTime": "0920/002557", "correlationVector":"OJm2+/dT4+pOe5lboLbUbS.2","action":"GetUpdates Response", "result":"SYNCER_OK", "context":Received 1 update(s). cV=OJm2+/dT4+pOe5lboLbUbS.0;server=GENERAL0100001I;cloudType=Consumer;environment=Prod_EastUS2_000e;migrationStage=NotStarted}
{"logTime": "0920/002559", "correlationVector":"mV+oxNSnytA0Y5p4JF/SXA","action":"SyncServerConnectionManagerRequest", "result":"SYNC_SERVER_OK", "context":{"environment":"", "migrationStage":"", "server":""}}
{"logTime": "0920/002559", "correlationVector":"fFIhKQDPWbn8FEBVUUbY8q","action":"Initial GetUpdates", "result":"", "context":Reason: RECONFIGURATION. cV=fFIhKQDPWbn8FEBVUUbY8q}
{"logTime": "0920/002559", "correlationVector":"fFIhKQDPWbn8FEBVUUbY8q.1","action":"SyncServerConnectionManagerRequest", "result":"SYNC_SERVER_OK", "context":{"environment":"Prod_EastUS2_000e", "migrationStage":"NotStarted", "server":"GENERAL0100000T"}}
{"logTime": "0920/002559", "correlationVector":"fFIhKQDPWbn8FEBVUUbY8q.2","action":"GetUpdates Response", "result":"SYNCER_OK", "context":Received 47 update(s). cV=fFIhKQDPWbn8FEBVUUbY8q.0;server=GENERAL0100000T;cloudType=Consumer;environment=Prod_EastUS2_000e;migrationStage=NotStarted}
{"logTime": "0920/002559", "correlationVector":"G6zRZxSOnc4RzNgLMd33VI","action":"Initial GetUpdates", "result":"", "context":Reason: NEWLY_SUPPORTED_DATATYPE. cV=G6zRZxSOnc4RzNgLMd33VI}
{"logTime": "0920/002600", "correlationVector":"G6zRZxSOnc4RzNgLMd33VI.1","action":"SyncServerConnectionManagerRequest", "result":"SYNC_SERVER_OK", "context":{"environment":"Prod_EastUS2_000e", "migrationStage":"NotStarted", "server":"GENERAL0100000I"}}
{"logTime": "0920/002600", "correlationVector":"G6zRZxSOnc4RzNgLMd33VI.2","action":"GetUpdates Response", "result":"SYNCER_OK", "context":Received 12 update(s). cV=G6zRZxSOnc4RzNgLMd33VI.0;server=GENERAL0100000I;cloudType=Consumer;environment=Prod_EastUS2_000e;migrationStage=NotStarted}
{"logTime": "0920/002600", "correlationVector":"902nL2OFv5k/JUiimKZPl2","action":"Initial GetUpdates", "result":"", "context":Reason: NEWLY_SUPPORTED_DATATYPE. cV=902nL2OFv5k/JUiimKZPl2}
{"logTime": "0920/002600", "correlationVector":"902nL2OFv5k/JUiimKZPl2.1","action":"SyncServerConnectionManagerRequest", "result":"SYNC_SERVER_OK", "context":{"environment":"Prod_EastUS2_000e", "migrationStage":"NotStarted", "server":"GENERAL0100001T"}}
{"logTime": "0920/002600", "correlationVector":"902nL2OFv5k/JUiimKZPl2.2","action":"GetUpdates", "result":"DeleteReceived", "context":{"id":"55bc9275-a846-4d81-8540-1d2e7f903474", "isDeleted:":"true", "version":"1689644472818"}}
{"logTime": "0920/002600", "correlationVector":"902nL2OFv5k/JUiimKZPl2.3","action":"GetUpdates", "result":"DeleteReceived", "context":{"id":"0299aea6-e19d-45cf-a6e6-f6a90e458c74", "isDeleted:":"true", "version":"1689644472820"}}
{"logTime": "0920/002600", "correlationVector":"902nL2OFv5k/JUiimKZPl2.4","action":"GetUpdates Response", "result":"SYNCER_OK", "context":Received 20 update(s). cV=902nL2OFv5k/JUiimKZPl2.0;server=GENERAL0100001T;cloudType=Consumer;environment=Prod_EastUS2_000e;migrationStage=NotStarted}
{"logTime": "0920/002600", "correlationVector":"rTTTRaz/SdQypc9GrJ2zpz","action":"Normal GetUpdate request", "result":"", "context":cV=rTTTRaz/SdQypc9GrJ2zpz
Nudged types: Bookmarks, Preferences, Typed URLs, Sessions, Device Info, User Consents
Refresh requested types: Bookmarks, Preferences, Passwords, Autofill Profiles, Autofill, Autofill Custom Data, Typed URLs, Extensions, Sessions, Extension settings, History Delete Directives, Device Info, User Consents, Send Tab To Self, Web Apps, Collection, Edge E Drop, Edge Hub App Usage, Edge Wallet, Encryption Keys}
{"logTime": "0920/002600", "correlationVector":"rTTTRaz/SdQypc9GrJ2zpz.1","action":"SyncServerConnectionManagerRequest", "result":"SYNC_SERVER_OK", "context":{"environment":"Prod_EastUS2_000e", "migrationStage":"NotStarted", "server":"general0100000C"}}
{"logTime": "0920/002600", "correlationVector":"rTTTRaz/SdQypc9GrJ2zpz.2","action":"GetUpdates Response", "result":"SYNCER_OK", "context":Received 0 update(s). cV=rTTTRaz/SdQypc9GrJ2zpz.0;server=general0100000C;cloudType=Consumer;environment=Prod_EastUS2_000e;migrationStage=NotStarted}
{"logTime": "0920/002600", "correlationVector":"4OUCrEkiP2oBRgxLAyVglI","action":"Commit Request", "result":"", "context":Item count: 1
Contributing types: Device Info}
{"logTime": "0920/002601", "correlationVector":"4OUCrEkiP2oBRgxLAyVglI.1","action":"SyncServerConnectionManagerRequest", "result":"SYNC_SERVER_OK", "context":{"environment":"Prod_EastUS2_000e", "migrationStage":"NotStarted", "server":"GENERAL0100002E"}}
{"logTime": "0920/002601", "correlationVector":"4OUCrEkiP2oBRgxLAyVglI.2","action":"Commit Response", "result":"SYNCER_OK", "context":Result: SYNCER_OK. cV=4OUCrEkiP2oBRgxLAyVglI.0;server=GENERAL0100002E;cloudType=Consumer;environment=Prod_EastUS2_000e;migrationStage=NotStarted}
{"logTime": "0920/002601", "correlationVector":"FobADQYa2UvRV6lFt4RGXb","action":"Commit Request", "result":"", "context":Item count: 12
Contributing types: Bookmarks, Preferences, Typed URLs, Sessions, User Consents}
{"logTime": "0920/002602", "correlationVector":"FobADQYa2UvRV6lFt4RGXb.1","action":"SyncServerConnectionManagerRequest", "result":"SYNC_SERVER_OK", "context":{"environment":"Prod_EastUS2_000e", "migrationStage":"NotStarted", "server":"GENERAL0100000A"}}
{"logTime": "0920/002602", "correlationVector":"FobADQYa2UvRV6lFt4RGXb.2","action":"Commit Response", "result":"SYNCER_OK", "context":Result: SYNCER_OK. cV=FobADQYa2UvRV6lFt4RGXb.0;server=GENERAL0100000A;cloudType=Consumer;environment=Prod_EastUS2_000e;migrationStage=NotStarted}
{"logTime": "0920/002934", "correlationVector":"XCLe+T9Qz7NFqsRY0uXKtC.0","action":"FeedSettingFetch_homeCloud", "result":"0", "context":{}}
{"logTime": "0920/002934", "correlationVector":"NtiHUjjdz1xNWtBG0W72xV.1","action":"SyncServerConnectionManagerRequest", "result":"SYNC_SERVER_OK", "context":{"environment":"Prod_EastUS2_000e", "migrationStage":"NotStarted", "server":"GENERAL01000023"}}
{"logTime": "0920/002934", "correlationVector":"NtiHUjjdz1xNWtBG0W72xV","action":"Initial GetUpdates", "result":"", "context":Reason: NEW_CLIENT. cV=NtiHUjjdz1xNWtBG0W72xV}
{"logTime": "0920/002934", "correlationVector":"NtiHUjjdz1xNWtBG0W72xV.2","action":"GetUpdates Response", "result":"SYNCER_OK", "context":Received 1 update(s). cV=NtiHUjjdz1xNWtBG0W72xV.0;server=GENERAL01000023;cloudType=Consumer;environment=Prod_EastUS2_000e;migrationStage=NotStarted}
{"logTime": "0920/002934", "correlationVector":"N6GE00ocoYMt2rxRqnOHfQ","action":"Initial GetUpdates", "result":"", "context":Reason: NEWLY_SUPPORTED_DATATYPE. cV=N6GE00ocoYMt2rxRqnOHfQ}
{"logTime": "0920/002934", "correlationVector":"N6GE00ocoYMt2rxRqnOHfQ.1","action":"SyncServerConnectionManagerRequest", "result":"SYNC_SERVER_OK", "context":{"environment":"Prod_EastUS2_000e", "migrationStage":"NotStarted", "server":"GENERAL0100002U"}}
{"logTime": "0920/002934", "correlationVector":"N6GE00ocoYMt2rxRqnOHfQ.2","action":"GetUpdates Response", "result":"SYNCER_OK", "context":Received 4 update(s). cV=N6GE00ocoYMt2rxRqnOHfQ.0;server=GENERAL0100002U;cloudType=Consumer;environment=Prod_EastUS2_000e;migrationStage=NotStarted}
{"logTime": "0920/002934", "correlationVector":"q2qm8RBUPIG2/xrED+hqYa","action":"Normal GetUpdate request", "result":"", "context":cV=q2qm8RBUPIG2/xrED+hqYa
Nudged types: Sessions, User Consents
Refresh requested types: Bookmarks, Preferences, Passwords, Autofill Profiles, Autofill, Autofill Custom Data, Typed URLs, Extensions, Sessions, Extension settings, History Delete Directives, Device Info, User Consents, Send Tab To Self, Web Apps, Collection, Edge E Drop, Edge Hub App Usage, Edge Wallet, Encryption Keys}
{"logTime": "0920/002934", "correlationVector":"q2qm8RBUPIG2/xrED+hqYa.1","action":"SyncServerConnectionManagerRequest", "result":"SYNC_SERVER_OK", "context":{"environment":"Prod_EastUS2_000e", "migrationStage":"NotStarted", "server":"GENERAL0100001L"}}
{"logTime": "0920/002934", "correlationVector":"q2qm8RBUPIG2/xrED+hqYa.2","action":"GetUpdates Response", "result":"SYNCER_OK", "context":Received 11 update(s). cV=q2qm8RBUPIG2/xrED+hqYa.0;server=GENERAL0100001L;cloudType=Consumer;environment=Prod_EastUS2_000e;migrationStage=NotStarted}
{"logTime": "0920/002934", "correlationVector":"vMEZaPd8UBMjk1hMMVT0ge","action":"Commit Request", "result":"", "context":Item count: 4
Contributing types: Sessions, User Consents}
{"logTime": "0920/002934", "correlationVector":"vMEZaPd8UBMjk1hMMVT0ge.1","action":"SyncServerConnectionManagerRequest", "result":"SYNC_SERVER_OK", "context":{"environment":"Prod_EastUS2_000e", "migrationStage":"NotStarted", "server":"GENERAL0100002T"}}
{"logTime": "0920/002934", "correlationVector":"vMEZaPd8UBMjk1hMMVT0ge.3","action":"Commit.Sessions", "result":"Success", "context":{"id":"4eb9ce71-f207-4a81-97d8-3aab52b6748a", "isDeleted":"true", "size":"0", "version":"1695169581761"}}
{"logTime": "0920/002934", "correlationVector":"vMEZaPd8UBMjk1hMMVT0ge.2","action":"Commit Response", "result":"SYNCER_OK", "context":Result: SYNCER_OK. cV=vMEZaPd8UBMjk1hMMVT0ge.0;server=GENERAL0100002T;cloudType=Consumer;environment=Prod_EastUS2_000e;migrationStage=NotStarted}
{"logTime": "0920/002934", "correlationVector":"aA8G7xLI265CyNT5vnnjZL","action":"SyncServerConnectionManagerRequest", "result":"SYNC_SERVER_OK", "context":{"environment":"", "migrationStage":"", "server":""}}
{"logTime": "0920/002934", "correlationVector":"fJiI9I8JBd0J6bkjqmHRwq","action":"Normal GetUpdate request", "result":"", "context":cV=fJiI9I8JBd0J6bkjqmHRwq
Nudged types: Sessions}
{"logTime": "0920/002934", "correlationVector":"fJiI9I8JBd0J6bkjqmHRwq.1","action":"SyncServerConnectionManagerRequest", "result":"SYNC_SERVER_OK", "context":{"environment":"Prod_EastUS2_000e", "migrationStage":"NotStarted", "server":"GENERAL0100000R"}}
{"logTime": "0920/002934", "correlationVector":"fJiI9I8JBd0J6bkjqmHRwq.2","action":"GetUpdates", "result":"DeleteReceived", "context":{"id":"4eb9ce71-f207-4a81-97d8-3aab52b6748a", "isDeleted:":"true", "version":"1695169736790"}}
{"logTime": "0920/002934", "correlationVector":"fJiI9I8JBd0J6bkjqmHRwq.3","action":"GetUpdates Response", "result":"SYNCER_OK", "context":Received 3 update(s). cV=fJiI9I8JBd0J6bkjqmHRwq.0;server=GENERAL0100000R;cloudType=Consumer;environment=Prod_EastUS2_000e;migrationStage=NotStarted}
{"logTime": "0920/002934", "correlationVector":"te2J5tRRiPaGmkEuqX3t5c","action":"Commit Request", "result":"", "context":Item count: 1
Contributing types: Sessions}
{"logTime": "0920/002934", "correlationVector":"te2J5tRRiPaGmkEuqX3t5c.1","action":"SyncServerConnectionManagerRequest", "result":"SYNC_SERVER_OK", "context":{"environment":"Prod_EastUS2_000e", "migrationStage":"NotStarted", "server":"GENERAL0100002F"}}
{"logTime": "0920/002934", "correlationVector":"te2J5tRRiPaGmkEuqX3t5c.2","action":"Commit Response", "result":"SYNCER_OK", "context":Result: SYNCER_OK. cV=te2J5tRRiPaGmkEuqX3t5c.0;server=GENERAL0100002F;cloudType=Consumer;environment=Prod_EastUS2_000e;migrationStage=NotStarted}
{"logTime": "0920/002934", "correlationVector":"u7VVKeEq1TM5L5UEk30UKP","action":"Normal GetUpdate request", "result":"", "context":cV=u7VVKeEq1TM5L5UEk30UKP
Nudged types: Sessions
Refresh requested types: Bookmarks, Preferences, Passwords, Autofill Profiles, Autofill, Autofill Custom Data, Typed URLs, Extensions, Sessions, Extension settings, History Delete Directives, Device Info, User Consents, Send Tab To Self, Web Apps, Collection, Edge E Drop, Edge Hub App Usage, Edge Wallet, Encryption Keys}
{"logTime": "0920/002934", "correlationVector":"u7VVKeEq1TM5L5UEk30UKP.1","action":"SyncServerConnectionManagerRequest", "result":"SYNC_SERVER_OK", "context":{"environment":"Prod_EastUS2_000e", "migrationStage":"NotStarted", "server":"GENERAL0100001X"}}
{"logTime": "0920/002934", "correlationVector":"u7VVKeEq1TM5L5UEk30UKP.2","action":"GetUpdates Response", "result":"SYNCER_OK", "context":Received 1 update(s). cV=u7VVKeEq1TM5L5UEk30UKP.0;server=GENERAL0100001X;cloudType=Consumer;environment=Prod_EastUS2_000e;migrationStage=NotStarted}
{"logTime": "0920/005235", "correlationVector":"U7rcjuO+ggUFK2kSdBu4Ub.0","action":"FeedSettingFetch_homeCloud", "result":"0", "context":{}}
{"logTime": "0920/005235", "correlationVector":"I0zN3CT1yggifl5E4cgzB0.1","action":"SyncServerConnectionManagerRequest", "result":"SYNC_SERVER_OK", "context":{"environment":"Prod_EastUS2_000e", "migrationStage":"NotStarted", "server":"GENERAL01000003"}}
{"logTime": "0920/005235", "correlationVector":"I0zN3CT1yggifl5E4cgzB0","action":"Initial GetUpdates", "result":"", "context":Reason: NEW_CLIENT. cV=I0zN3CT1yggifl5E4cgzB0}
{"logTime": "0920/005235", "correlationVector":"I0zN3CT1yggifl5E4cgzB0.2","action":"GetUpdates Response", "result":"SYNCER_OK", "context":Received 1 update(s). cV=I0zN3CT1yggifl5E4cgzB0.0;server=GENERAL01000003;cloudType=Consumer;environment=Prod_EastUS2_000e;migrationStage=NotStarted}
{"logTime": "0920/005235", "correlationVector":"xlUzVGAIj4kkrKzXveLeWh","action":"Initial GetUpdates", "result":"", "context":Reason: NEWLY_SUPPORTED_DATATYPE. cV=xlUzVGAIj4kkrKzXveLeWh}
{"logTime": "0920/005236", "correlationVector":"xlUzVGAIj4kkrKzXveLeWh.1","action":"SyncServerConnectionManagerRequest", "result":"SYNC_SERVER_OK", "context":{"environment":"Prod_EastUS2_000e", "migrationStage":"NotStarted", "server":"GENERAL01000035"}}
{"logTime": "0920/005236", "correlationVector":"xlUzVGAIj4kkrKzXveLeWh.2","action":"GetUpdates Response", "result":"SYNCER_OK", "context":Received 4 update(s). cV=xlUzVGAIj4kkrKzXveLeWh.0;server=GENERAL01000035;cloudType=Consumer;environment=Prod_EastUS2_000e;migrationStage=NotStarted}
{"logTime": "0920/005236", "correlationVector":"Xh0jtTBj051sf93QpLclZW","action":"Normal GetUpdate request", "result":"", "context":cV=Xh0jtTBj051sf93QpLclZW
Nudged types: Sessions, User Consents
Refresh requested types: Bookmarks, Preferences, Passwords, Autofill Profiles, Autofill, Autofill Custom Data, Typed URLs, Extensions, Sessions, Extension settings, History Delete Directives, Device Info, User Consents, Send Tab To Self, Web Apps, Collection, Edge E Drop, Edge Hub App Usage, Edge Wallet, Encryption Keys}
{"logTime": "0920/005236", "correlationVector":"Xh0jtTBj051sf93QpLclZW.1","action":"SyncServerConnectionManagerRequest", "result":"SYNC_SERVER_OK", "context":{"environment":"Prod_EastUS2_000e", "migrationStage":"NotStarted", "server":"GENERAL0100002J"}}
{"logTime": "0920/005236", "correlationVector":"Xh0jtTBj051sf93QpLclZW.2","action":"GetUpdates Response", "result":"SYNCER_OK", "context":Received 0 update(s). cV=Xh0jtTBj051sf93QpLclZW.0;server=GENERAL0100002J;cloudType=Consumer;environment=Prod_EastUS2_000e;migrationStage=NotStarted}
{"logTime": "0920/005236", "correlationVector":"49BnV51DN1zwywT2JvWLgQ","action":"Commit Request", "result":"", "context":Item count: 4
Contributing types: Sessions, User Consents}
{"logTime": "0920/005236", "correlationVector":"49BnV51DN1zwywT2JvWLgQ.1","action":"SyncServerConnectionManagerRequest", "result":"SYNC_SERVER_OK", "context":{"environment":"Prod_EastUS2_000e", "migrationStage":"NotStarted", "server":"GENERAL0100001H"}}
{"logTime": "0920/005236", "correlationVector":"49BnV51DN1zwywT2JvWLgQ.2","action":"Commit Response", "result":"SYNCER_OK", "context":Result: SYNCER_OK. cV=49BnV51DN1zwywT2JvWLgQ.0;server=GENERAL0100001H;cloudType=Consumer;environment=Prod_EastUS2_000e;migrationStage=NotStarted}
{"logTime": "0920/005236", "correlationVector":"49BnV51DN1zwywT2JvWLgQ.3","action":"Commit.Sessions", "result":"Success", "context":{"id":"f778de74-0adf-43c1-b431-937c12839efa", "isDeleted":"true", "size":"0", "version":"1695169768148"}}
{"logTime": "0920/005256", "correlationVector":"g5Cu6Tfgqs66ue9rM19hAn","action":"SyncServerConnectionManagerRequest", "result":"SYNC_SERVER_OK", "context":{"environment":"", "migrationStage":"", "server":""}}
{"logTime": "0920/005256", "correlationVector":"pIcIgelaBIjlRV1imkhAvb","action":"Normal GetUpdate request", "result":"", "context":cV=pIcIgelaBIjlRV1imkhAvb
Nudged types: Sessions}
{"logTime": "0920/005256", "correlationVector":"pIcIgelaBIjlRV1imkhAvb.1","action":"SyncServerConnectionManagerRequest", "result":"SYNC_SERVER_OK", "context":{"environment":"Prod_EastUS2_000e", "migrationStage":"NotStarted", "server":"GENERAL0100001G"}}
{"logTime": "0920/005256", "correlationVector":"pIcIgelaBIjlRV1imkhAvb.2","action":"GetUpdates", "result":"DeleteReceived", "context":{"id":"f778de74-0adf-43c1-b431-937c12839efa", "isDeleted:":"true", "version":"1695171166244"}}
{"logTime": "0920/005256", "correlationVector":"pIcIgelaBIjlRV1imkhAvb.3","action":"GetUpdates Response", "result":"SYNCER_OK", "context":Received 3 update(s). cV=pIcIgelaBIjlRV1imkhAvb.0;server=GENERAL0100001G;cloudType=Consumer;environment=Prod_EastUS2_000e;migrationStage=NotStarted}
{"logTime": "0920/005256", "correlationVector":"5zazTJ1ZbUqcUD+12k6Yr/","action":"Commit Request", "result":"", "context":Item count: 1
Contributing types: Sessions}
{"logTime": "0920/005256", "correlationVector":"5zazTJ1ZbUqcUD+12k6Yr/.1","action":"SyncServerConnectionManagerRequest", "result":"SYNC_SERVER_OK", "context":{"environment":"Prod_EastUS2_000e", "migrationStage":"NotStarted", "server":"general01000032"}}
{"logTime": "0920/005256", "correlationVector":"5zazTJ1ZbUqcUD+12k6Yr/.2","action":"Commit Response", "result":"SYNCER_OK", "context":Result: SYNCER_OK. cV=5zazTJ1ZbUqcUD+12k6Yr/.0;server=general01000032;cloudType=Consumer;environment=Prod_EastUS2_000e;migrationStage=NotStarted}
{"logTime": "0920/005256", "correlationVector":"dfDeJV+X4JO/goinpWNxdB","action":"Normal GetUpdate request", "result":"", "context":cV=dfDeJV+X4JO/goinpWNxdB
Nudged types: Sessions
Refresh requested types: Bookmarks, Preferences, Passwords, Autofill Profiles, Autofill, Autofill Custom Data, Typed URLs, Extensions, Sessions, Extension settings, History Delete Directives, Device Info, User Consents, Send Tab To Self, Web Apps, Collection, Edge E Drop, Edge Hub App Usage, Edge Wallet, Encryption Keys}
{"logTime": "0920/005257", "correlationVector":"dfDeJV+X4JO/goinpWNxdB.1","action":"SyncServerConnectionManagerRequest", "result":"SYNC_SERVER_OK", "context":{"environment":"Prod_EastUS2_000e", "migrationStage":"NotStarted", "server":"GENERAL01000007"}}
{"logTime": "0920/005257", "correlationVector":"dfDeJV+X4JO/goinpWNxdB.2","action":"GetUpdates Response", "result":"SYNCER_OK", "context":Received 1 update(s). cV=dfDeJV+X4JO/goinpWNxdB.0;server=GENERAL01000007;cloudType=Consumer;environment=Prod_EastUS2_000e;migrationStage=NotStarted}
{"logTime": "0920/005446", "correlationVector":"BME+TMkVyDDTHsMF8cFg83.0","action":"FeedSettingFetch_homeCloud", "result":"0", "context":{}}
{"logTime": "0920/005446", "correlationVector":"nnPhKIvIaw+DCtMv73qW6W.1","action":"SyncServerConnectionManagerRequest", "result":"SYNC_SERVER_OK", "context":{"environment":"Prod_EastUS2_000e", "migrationStage":"NotStarted", "server":"GENERAL01000022"}}
{"logTime": "0920/005446", "correlationVector":"nnPhKIvIaw+DCtMv73qW6W","action":"Initial GetUpdates", "result":"", "context":Reason: NEW_CLIENT. cV=nnPhKIvIaw+DCtMv73qW6W}
{"logTime": "0920/005446", "correlationVector":"nnPhKIvIaw+DCtMv73qW6W.2","action":"GetUpdates Response", "result":"SYNCER_OK", "context":Received 1 update(s). cV=nnPhKIvIaw+DCtMv73qW6W.0;server=GENERAL01000022;cloudType=Consumer;environment=Prod_EastUS2_000e;migrationStage=NotStarted}
{"logTime": "0920/005446", "correlationVector":"5BCxsy5IwqHLt03hvofmr6","action":"Initial GetUpdates", "result":"", "context":Reason: NEWLY_SUPPORTED_DATATYPE. cV=5BCxsy5IwqHLt03hvofmr6}
{"logTime": "0920/005446", "correlationVector":"5BCxsy5IwqHLt03hvofmr6.1","action":"SyncServerConnectionManagerRequest", "result":"SYNC_SERVER_OK", "context":{"environment":"Prod_EastUS2_000e", "migrationStage":"NotStarted", "server":"GENERAL0100002Y"}}
{"logTime": "0920/005446", "correlationVector":"5BCxsy5IwqHLt03hvofmr6.2","action":"GetUpdates Response", "result":"SYNCER_OK", "context":Received 4 update(s). cV=5BCxsy5IwqHLt03hvofmr6.0;server=GENERAL0100002Y;cloudType=Consumer;environment=Prod_EastUS2_000e;migrationStage=NotStarted}
{"logTime": "0920/005446", "correlationVector":"uJePpbg5VKO29r7Q3LzHs5","action":"Normal GetUpdate request", "result":"", "context":cV=uJePpbg5VKO29r7Q3LzHs5
Nudged types: Sessions, User Consents
Refresh requested types: Bookmarks, Preferences, Passwords, Autofill Profiles, Autofill, Autofill Custom Data, Typed URLs, Extensions, Sessions, Extension settings, History Delete Directives, Device Info, User Consents, Send Tab To Self, Web Apps, Collection, Edge E Drop, Edge Hub App Usage, Edge Wallet, Encryption Keys}
{"logTime": "0920/005446", "correlationVector":"uJePpbg5VKO29r7Q3LzHs5.1","action":"SyncServerConnectionManagerRequest", "result":"SYNC_SERVER_OK", "context":{"environment":"Prod_EastUS2_000e", "migrationStage":"NotStarted", "server":"GENERAL01000012"}}
{"logTime": "0920/005446", "correlationVector":"uJePpbg5VKO29r7Q3LzHs5.2","action":"GetUpdates Response", "result":"SYNCER_OK", "context":Received 0 update(s). cV=uJePpbg5VKO29r7Q3LzHs5.0;server=GENERAL01000012;cloudType=Consumer;environment=Prod_EastUS2_000e;migrationStage=NotStarted}
{"logTime": "0920/005446", "correlationVector":"aVDupP9OBZ9AULzUJ1VbBW","action":"Commit Request", "result":"", "context":Item count: 4
Contributing types: Sessions, User Consents}
{"logTime": "0920/005446", "correlationVector":"aVDupP9OBZ9AULzUJ1VbBW.1","action":"SyncServerConnectionManagerRequest", "result":"SYNC_SERVER_OK", "context":{"environment":"Prod_EastUS2_000e", "migrationStage":"NotStarted", "server":"GENERAL01000030"}}
{"logTime": "0920/005446", "correlationVector":"aVDupP9OBZ9AULzUJ1VbBW.2","action":"Commit Response", "result":"SYNCER_OK", "context":Result: SYNCER_OK. cV=aVDupP9OBZ9AULzUJ1VbBW.0;server=GENERAL01000030;cloudType=Consumer;environment=Prod_EastUS2_000e;migrationStage=NotStarted}
{"logTime": "0920/005446", "correlationVector":"aVDupP9OBZ9AULzUJ1VbBW.3","action":"Commit.Sessions", "result":"Success", "context":{"id":"d34f2522-c9a0-4496-ad6d-70015caf8268", "isDeleted":"true", "size":"0", "version":"1695171197218"}}
{"logTime": "0920/005505", "correlationVector":"2kGyFLi7cCrsWM7r+OMUws","action":"SyncServerConnectionManagerRequest", "result":"SYNC_SERVER_OK", "context":{"environment":"", "migrationStage":"", "server":""}}
{"logTime": "0920/005505", "correlationVector":"f/uUswEZUigZqhIPNxRnPS","action":"Normal GetUpdate request", "result":"", "context":cV=f/uUswEZUigZqhIPNxRnPS
Nudged types: Sessions}
{"logTime": "0920/005505", "correlationVector":"f/uUswEZUigZqhIPNxRnPS.1","action":"SyncServerConnectionManagerRequest", "result":"SYNC_SERVER_OK", "context":{"environment":"Prod_EastUS2_000e", "migrationStage":"NotStarted", "server":"GENERAL0100001Y"}}
{"logTime": "0920/005505", "correlationVector":"f/uUswEZUigZqhIPNxRnPS.2","action":"GetUpdates", "result":"DeleteReceived", "context":{"id":"d34f2522-c9a0-4496-ad6d-70015caf8268", "isDeleted:":"true", "version":"1695171295159"}}
{"logTime": "0920/005505", "correlationVector":"f/uUswEZUigZqhIPNxRnPS.3","action":"GetUpdates Response", "result":"SYNCER_OK", "context":Received 3 update(s). cV=f/uUswEZUigZqhIPNxRnPS.0;server=GENERAL0100001Y;cloudType=Consumer;environment=Prod_EastUS2_000e;migrationStage=NotStarted}
{"logTime": "0920/005505", "correlationVector":"FvezKp/grS2wja9pTHhz4D","action":"Commit Request", "result":"", "context":Item count: 1
Contributing types: Sessions}
{"logTime": "0920/005505", "correlationVector":"FvezKp/grS2wja9pTHhz4D.1","action":"SyncServerConnectionManagerRequest", "result":"SYNC_SERVER_OK", "context":{"environment":"Prod_EastUS2_000e", "migrationStage":"NotStarted", "server":"GENERAL0100001I"}}
{"logTime": "0920/005505", "correlationVector":"FvezKp/grS2wja9pTHhz4D.2","action":"Commit Response", "result":"SYNCER_OK", "context":Result: SYNCER_OK. cV=FvezKp/grS2wja9pTHhz4D.0;server=GENERAL0100001I;cloudType=Consumer;environment=Prod_EastUS2_000e;migrationStage=NotStarted}
{"logTime": "0920/005505", "correlationVector":"6rKsNPjysn3KBnt1iNeyB9","action":"Normal GetUpdate request", "result":"", "context":cV=6rKsNPjysn3KBnt1iNeyB9
Nudged types: Sessions
Refresh requested types: Bookmarks, Preferences, Passwords, Autofill Profiles, Autofill, Autofill Custom Data, Typed URLs, Extensions, Sessions, Extension settings, History Delete Directives, Device Info, User Consents, Send Tab To Self, Web Apps, Collection, Edge E Drop, Edge Hub App Usage, Edge Wallet, Encryption Keys}
{"logTime": "0920/005505", "correlationVector":"6rKsNPjysn3KBnt1iNeyB9.1","action":"SyncServerConnectionManagerRequest", "result":"SYNC_SERVER_OK", "context":{"environment":"Prod_EastUS2_000e", "migrationStage":"NotStarted", "server":"GENERAL01000008"}}
{"logTime": "0920/005505", "correlationVector":"6rKsNPjysn3KBnt1iNeyB9.2","action":"GetUpdates Response", "result":"SYNCER_OK", "context":Received 1 update(s). cV=6rKsNPjysn3KBnt1iNeyB9.0;server=GENERAL01000008;cloudType=Consumer;environment=Prod_EastUS2_000e;migrationStage=NotStarted}
